Arguments: 
  /usr/bin/node /usr/share/yarn/bin/yarn.js add less -D

PATH: 
  /home/bpadilha/Cursos/bootcampfrontend/node_modules/.bin:/home/bpadilha/.config/yarn/link/node_modules/.bin:/home/bpadilha/Cursos/bootcampfrontend/node_modules/.bin:/home/bpadilha/.config/yarn/link/node_modules/.bin:/home/bpadilha/.yarn/bin:/usr/libexec/lib/node_modules/npm/bin/node-gyp-bin:/usr/lib/node_modules/npm/bin/node-gyp-bin:/usr/bin/node_modules/npm/bin/node-gyp-bin:/home/bpadilha/.rbenv/plugins/ruby-build/bin:/home/bpadilha/.rbenv/shims:/home/bpadilha/.rbenv/bin:/usr/local/sbin:/usr/local/bin:/usr/sbin:/usr/bin:/sbin:/bin:/usr/games:/usr/local/games:/snap/bin

Yarn version: 
  1.10.1

Node version: 
  8.12.0

Platform: 
  linux x64

Trace: 
  Error: getaddrinfo ENOTFOUND registry.yarnpkg.com registry.yarnpkg.com:443
      at GetAddrInfoReqWrap.onlookup [as oncomplete] (dns.js:67:26)

npm manifest: 
  {
    "name": "bootcamp",
    "version": "0.1.0",
    "main": "index.js",
    "repository": "git@github.com:bpadilha/bootcampfrontend.git",
    "author": "Bruno Padilha",
    "license": "MIT",
    "scripts": {
      "start": "parcel index.html"
    }
  }

yarn manifest: 
  No manifest

Lockfile: 
  No lockfile
